{"C:\\Projects\\CurryChallenge\\TSWarLightBot\\TSWarLightBotEmpty\\enum\\CommandEnum.js":{"path":"C:\\Projects\\CurryChallenge\\TSWarLightBot\\TSWarLightBotEmpty\\enum\\CommandEnum.js","s":{"1":1,"2":1,"3":1,"4":1,"5":1,"6":1,"7":1,"8":1,"9":1,"10":1},"b":{"1":[1,1]},"f":{"1":1},"fnMap":{"1":{"name":"(anonymous_1)","line":16,"loc":{"start":{"line":16,"column":1},"end":{"line":16,"column":24}}}},"statementMap":{"1":{"start":{"line":11,"column":0},"end":{"line":11,"column":13}},"2":{"start":{"line":15,"column":0},"end":{"line":15,"column":16}},"3":{"start":{"line":16,"column":0},"end":{"line":49,"column":38}},"4":{"start":{"line":21,"column":4},"end":{"line":21,"column":60}},"5":{"start":{"line":27,"column":4},"end":{"line":27,"column":84}},"6":{"start":{"line":33,"column":4},"end":{"line":33,"column":58}},"7":{"start":{"line":38,"column":4},"end":{"line":38,"column":62}},"8":{"start":{"line":42,"column":4},"end":{"line":42,"column":70}},"9":{"start":{"line":48,"column":4},"end":{"line":48,"column":46}},"10":{"start":{"line":50,"column":0},"end":{"line":50,"column":29}}},"branchMap":{"1":{"line":49,"type":"binary-expr","locations":[{"start":{"line":49,"column":3},"end":{"line":49,"column":14}},{"start":{"line":49,"column":19},"end":{"line":49,"column":35}}]}}},"C:\\Projects\\CurryChallenge\\TSWarLightBot\\TSWarLightBotEmpty\\enum\\OptionEnum.js":{"path":"C:\\Projects\\CurryChallenge\\TSWarLightBot\\TSWarLightBotEmpty\\enum\\OptionEnum.js","s":{"1":1,"2":1,"3":1,"4":1,"5":1,"6":1,"7":1,"8":1,"9":1,"10":1,"11":1,"12":1},"b":{"1":[1,1]},"f":{"1":1},"fnMap":{"1":{"name":"(anonymous_1)","line":16,"loc":{"start":{"line":16,"column":1},"end":{"line":16,"column":23}}}},"statementMap":{"1":{"start":{"line":11,"column":0},"end":{"line":11,"column":13}},"2":{"start":{"line":15,"column":0},"end":{"line":15,"column":15}},"3":{"start":{"line":16,"column":0},"end":{"line":49,"column":36}},"4":{"start":{"line":20,"column":4},"end":{"line":20,"column":66}},"5":{"start":{"line":24,"column":4},"end":{"line":24,"column":54}},"6":{"start":{"line":28,"column":4},"end":{"line":28,"column":58}},"7":{"start":{"line":32,"column":4},"end":{"line":32,"column":56}},"8":{"start":{"line":36,"column":4},"end":{"line":36,"column":64}},"9":{"start":{"line":40,"column":4},"end":{"line":40,"column":70}},"10":{"start":{"line":44,"column":4},"end":{"line":44,"column":64}},"11":{"start":{"line":48,"column":4},"end":{"line":48,"column":68}},"12":{"start":{"line":50,"column":0},"end":{"line":50,"column":28}}},"branchMap":{"1":{"line":49,"type":"binary-expr","locations":[{"start":{"line":49,"column":3},"end":{"line":49,"column":13}},{"start":{"line":49,"column":18},"end":{"line":49,"column":33}}]}}},"C:\\Projects\\CurryChallenge\\TSWarLightBot\\TSWarLightBotEmpty\\Bot.js":{"path":"C:\\Projects\\CurryChallenge\\TSWarLightBot\\TSWarLightBotEmpty\\Bot.js","s":{"1":1,"2":1,"3":1,"4":8,"5":8,"6":8,"7":1,"8":2,"9":2,"10":1,"11":2,"12":1,"13":1,"14":5,"15":1,"16":4,"17":4,"18":3,"19":1,"20":1,"21":1,"22":1,"23":1,"24":1},"b":{"1":[1,4],"2":[3,1],"3":[1,2]},"f":{"1":1,"2":8,"3":2,"4":1,"5":1,"6":5,"7":1},"fnMap":{"1":{"name":"(anonymous_1)","line":15,"loc":{"start":{"line":15,"column":11},"end":{"line":15,"column":23}}},"2":{"name":"Bot","line":24,"loc":{"start":{"line":24,"column":4},"end":{"line":24,"column":40}}},"3":{"name":"(anonymous_3)","line":32,"loc":{"start":{"line":32,"column":24},"end":{"line":32,"column":36}}},"4":{"name":"(anonymous_4)","line":34,"loc":{"start":{"line":34,"column":27},"end":{"line":34,"column":43}}},"5":{"name":"(anonymous_5)","line":37,"loc":{"start":{"line":37,"column":28},"end":{"line":37,"column":40}}},"6":{"name":"(anonymous_6)","line":46,"loc":{"start":{"line":46,"column":31},"end":{"line":46,"column":47}}},"7":{"name":"(anonymous_7)","line":63,"loc":{"start":{"line":63,"column":32},"end":{"line":63,"column":44}}}},"statementMap":{"1":{"start":{"line":11,"column":0},"end":{"line":11,"column":13}},"2":{"start":{"line":15,"column":0},"end":{"line":67,"column":5}},"3":{"start":{"line":24,"column":4},"end":{"line":28,"column":5}},"4":{"start":{"line":25,"column":8},"end":{"line":25,"column":21}},"5":{"start":{"line":26,"column":8},"end":{"line":26,"column":27}},"6":{"start":{"line":27,"column":8},"end":{"line":27,"column":37}},"7":{"start":{"line":32,"column":4},"end":{"line":40,"column":6}},"8":{"start":{"line":33,"column":8},"end":{"line":33,"column":24}},"9":{"start":{"line":34,"column":8},"end":{"line":36,"column":11}},"10":{"start":{"line":35,"column":12},"end":{"line":35,"column":34}},"11":{"start":{"line":37,"column":8},"end":{"line":39,"column":11}},"12":{"start":{"line":38,"column":12},"end":{"line":38,"column":31}},"13":{"start":{"line":46,"column":4},"end":{"line":59,"column":6}},"14":{"start":{"line":47,"column":8},"end":{"line":49,"column":9}},"15":{"start":{"line":48,"column":12},"end":{"line":48,"column":19}},"16":{"start":{"line":50,"column":8},"end":{"line":50,"column":48}},"17":{"start":{"line":51,"column":8},"end":{"line":58,"column":9}},"18":{"start":{"line":52,"column":12},"end":{"line":54,"column":13}},"19":{"start":{"line":53,"column":16},"end":{"line":53,"column":59}},"20":{"start":{"line":57,"column":12},"end":{"line":57,"column":55}},"21":{"start":{"line":63,"column":4},"end":{"line":65,"column":6}},"22":{"start":{"line":64,"column":8},"end":{"line":64,"column":32}},"23":{"start":{"line":66,"column":4},"end":{"line":66,"column":15}},"24":{"start":{"line":68,"column":0},"end":{"line":68,"column":21}}},"branchMap":{"1":{"line":47,"type":"if","locations":[{"start":{"line":47,"column":8},"end":{"line":47,"column":8}},{"start":{"line":47,"column":8},"end":{"line":47,"column":8}}]},"2":{"line":51,"type":"if","locations":[{"start":{"line":51,"column":8},"end":{"line":51,"column":8}},{"start":{"line":51,"column":8},"end":{"line":51,"column":8}}]},"3":{"line":52,"type":"if","locations":[{"start":{"line":52,"column":12},"end":{"line":52,"column":12}},{"start":{"line":52,"column":12},"end":{"line":52,"column":12}}]}}},"C:\\Projects\\CurryChallenge\\TSWarLightBot\\TSWarLightBotEmpty\\Consts.js":{"path":"C:\\Projects\\CurryChallenge\\TSWarLightBot\\TSWarLightBotEmpty\\Consts.js","s":{"1":1,"2":1,"3":1,"4":1,"5":0,"6":1,"7":0,"8":1,"9":0,"10":1,"11":0,"12":1,"13":0,"14":1,"15":0,"16":1,"17":0,"18":1,"19":0,"20":1,"21":1},"b":{},"f":{"1":1,"2":0,"3":0,"4":0,"5":0,"6":0,"7":0,"8":0,"9":0,"10":0},"fnMap":{"1":{"name":"(anonymous_1)","line":15,"loc":{"start":{"line":15,"column":14},"end":{"line":15,"column":26}}},"2":{"name":"Consts","line":16,"loc":{"start":{"line":16,"column":4},"end":{"line":16,"column":22}}},"3":{"name":"(anonymous_3)","line":19,"loc":{"start":{"line":19,"column":13},"end":{"line":19,"column":25}}},"4":{"name":"(anonymous_4)","line":26,"loc":{"start":{"line":26,"column":13},"end":{"line":26,"column":25}}},"5":{"name":"(anonymous_5)","line":33,"loc":{"start":{"line":33,"column":13},"end":{"line":33,"column":25}}},"6":{"name":"(anonymous_6)","line":40,"loc":{"start":{"line":40,"column":13},"end":{"line":40,"column":25}}},"7":{"name":"(anonymous_7)","line":47,"loc":{"start":{"line":47,"column":13},"end":{"line":47,"column":25}}},"8":{"name":"(anonymous_8)","line":54,"loc":{"start":{"line":54,"column":13},"end":{"line":54,"column":25}}},"9":{"name":"(anonymous_9)","line":61,"loc":{"start":{"line":61,"column":13},"end":{"line":61,"column":25}}},"10":{"name":"(anonymous_10)","line":68,"loc":{"start":{"line":68,"column":13},"end":{"line":68,"column":25}}}},"statementMap":{"1":{"start":{"line":11,"column":0},"end":{"line":11,"column":13}},"2":{"start":{"line":15,"column":0},"end":{"line":75,"column":5}},"3":{"start":{"line":16,"column":4},"end":{"line":17,"column":5}},"4":{"start":{"line":18,"column":4},"end":{"line":24,"column":7}},"5":{"start":{"line":20,"column":12},"end":{"line":20,"column":53}},"6":{"start":{"line":25,"column":4},"end":{"line":31,"column":7}},"7":{"start":{"line":27,"column":12},"end":{"line":27,"column":84}},"8":{"start":{"line":32,"column":4},"end":{"line":38,"column":7}},"9":{"start":{"line":34,"column":12},"end":{"line":34,"column":34}},"10":{"start":{"line":39,"column":4},"end":{"line":45,"column":7}},"11":{"start":{"line":41,"column":12},"end":{"line":41,"column":37}},"12":{"start":{"line":46,"column":4},"end":{"line":52,"column":7}},"13":{"start":{"line":48,"column":12},"end":{"line":48,"column":30}},"14":{"start":{"line":53,"column":4},"end":{"line":59,"column":7}},"15":{"start":{"line":55,"column":12},"end":{"line":55,"column":21}},"16":{"start":{"line":60,"column":4},"end":{"line":66,"column":7}},"17":{"start":{"line":62,"column":12},"end":{"line":62,"column":21}},"18":{"start":{"line":67,"column":4},"end":{"line":73,"column":7}},"19":{"start":{"line":69,"column":12},"end":{"line":69,"column":21}},"20":{"start":{"line":74,"column":4},"end":{"line":74,"column":18}},"21":{"start":{"line":76,"column":0},"end":{"line":76,"column":24}}},"branchMap":{}},"C:\\Projects\\CurryChallenge\\TSWarLightBot\\TSWarLightBotEmpty\\command\\helper\\ShuffleArray.js":{"path":"C:\\Projects\\CurryChallenge\\TSWarLightBot\\TSWarLightBotEmpty\\command\\helper\\ShuffleArray.js","s":{"1":1,"2":1,"3":0,"4":0,"5":1,"6":1,"7":1,"8":1,"9":1,"10":1,"11":1,"12":1,"13":13,"14":13,"15":13,"16":13,"17":20,"18":1,"19":0,"20":0,"21":0,"22":0,"23":0,"24":0,"25":0,"26":0,"27":0,"28":0,"29":1,"30":1},"b":{"1":[1,1],"2":[0,0],"3":[13,0]},"f":{"1":1,"2":1,"3":1,"4":13,"5":20,"6":0},"fnMap":{"1":{"name":"(anonymous_1)","line":11,"loc":{"start":{"line":11,"column":34},"end":{"line":11,"column":50}}},"2":{"name":"__","line":13,"loc":{"start":{"line":13,"column":4},"end":{"line":13,"column":18}}},"3":{"name":"(anonymous_3)","line":21,"loc":{"start":{"line":21,"column":20},"end":{"line":21,"column":38}}},"4":{"name":"ShuffleArray","line":23,"loc":{"start":{"line":23,"column":4},"end":{"line":23,"column":34}}},"5":{"name":"(anonymous_5)","line":27,"loc":{"start":{"line":27,"column":27},"end":{"line":27,"column":44}}},"6":{"name":"(anonymous_6)","line":32,"loc":{"start":{"line":32,"column":37},"end":{"line":32,"column":49}}}},"statementMap":{"1":{"start":{"line":11,"column":0},"end":{"line":16,"column":2}},"2":{"start":{"line":12,"column":4},"end":{"line":12,"column":58}},"3":{"start":{"line":12,"column":21},"end":{"line":12,"column":58}},"4":{"start":{"line":12,"column":46},"end":{"line":12,"column":58}},"5":{"start":{"line":13,"column":4},"end":{"line":13,"column":43}},"6":{"start":{"line":13,"column":20},"end":{"line":13,"column":41}},"7":{"start":{"line":14,"column":4},"end":{"line":14,"column":31}},"8":{"start":{"line":15,"column":4},"end":{"line":15,"column":27}},"9":{"start":{"line":19,"column":0},"end":{"line":19,"column":41}},"10":{"start":{"line":21,"column":0},"end":{"line":48,"column":15}},"11":{"start":{"line":22,"column":4},"end":{"line":22,"column":36}},"12":{"start":{"line":23,"column":4},"end":{"line":31,"column":5}},"13":{"start":{"line":24,"column":8},"end":{"line":24,"column":25}},"14":{"start":{"line":25,"column":8},"end":{"line":25,"column":26}},"15":{"start":{"line":26,"column":8},"end":{"line":30,"column":9}},"16":{"start":{"line":27,"column":12},"end":{"line":29,"column":15}},"17":{"start":{"line":28,"column":16},"end":{"line":28,"column":34}},"18":{"start":{"line":32,"column":4},"end":{"line":46,"column":6}},"19":{"start":{"line":33,"column":8},"end":{"line":33,"column":39}},"20":{"start":{"line":34,"column":8},"end":{"line":34,"column":27}},"21":{"start":{"line":35,"column":8},"end":{"line":35,"column":24}},"22":{"start":{"line":36,"column":8},"end":{"line":44,"column":9}},"23":{"start":{"line":38,"column":12},"end":{"line":38,"column":67}},"24":{"start":{"line":39,"column":12},"end":{"line":39,"column":30}},"25":{"start":{"line":41,"column":12},"end":{"line":41,"column":48}},"26":{"start":{"line":42,"column":12},"end":{"line":42,"column":51}},"27":{"start":{"line":43,"column":12},"end":{"line":43,"column":47}},"28":{"start":{"line":45,"column":8},"end":{"line":45,"column":20}},"29":{"start":{"line":47,"column":4},"end":{"line":47,"column":24}},"30":{"start":{"line":49,"column":0},"end":{"line":49,"column":30}}},"branchMap":{"1":{"line":11,"type":"binary-expr","locations":[{"start":{"line":11,"column":16},"end":{"line":11,"column":30}},{"start":{"line":11,"column":34},"end":{"line":16,"column":1}}]},"2":{"line":12,"type":"if","locations":[{"start":{"line":12,"column":21},"end":{"line":12,"column":21}},{"start":{"line":12,"column":21},"end":{"line":12,"column":21}}]},"3":{"line":26,"type":"if","locations":[{"start":{"line":26,"column":8},"end":{"line":26,"column":8}},{"start":{"line":26,"column":8},"end":{"line":26,"column":8}}]}}},"C:\\Projects\\CurryChallenge\\TSWarLightBot\\TSWarLightBotEmpty\\command\\helper\\DummyArray.js":{"path":"C:\\Projects\\CurryChallenge\\TSWarLightBot\\TSWarLightBotEmpty\\command\\helper\\DummyArray.js","s":{"1":1,"2":1,"3":13,"4":13,"5":1,"6":0,"7":1,"8":0,"9":1,"10":0,"11":1,"12":0,"13":1,"14":0,"15":1,"16":0,"17":1,"18":1,"19":1},"b":{},"f":{"1":1,"2":13,"3":0,"4":0,"5":0,"6":0,"7":0,"8":0},"fnMap":{"1":{"name":"(anonymous_1)","line":13,"loc":{"start":{"line":13,"column":18},"end":{"line":13,"column":30}}},"2":{"name":"DummyArray","line":14,"loc":{"start":{"line":14,"column":4},"end":{"line":14,"column":26}}},"3":{"name":"(anonymous_3)","line":20,"loc":{"start":{"line":20,"column":31},"end":{"line":20,"column":43}}},"4":{"name":"(anonymous_4)","line":23,"loc":{"start":{"line":23,"column":32},"end":{"line":23,"column":47}}},"5":{"name":"(anonymous_5)","line":26,"loc":{"start":{"line":26,"column":33},"end":{"line":26,"column":45}}},"6":{"name":"(anonymous_6)","line":29,"loc":{"start":{"line":29,"column":35},"end":{"line":29,"column":52}}},"7":{"name":"(anonymous_7)","line":32,"loc":{"start":{"line":32,"column":33},"end":{"line":32,"column":55}}},"8":{"name":"(anonymous_8)","line":35,"loc":{"start":{"line":35,"column":35},"end":{"line":35,"column":55}}}},"statementMap":{"1":{"start":{"line":13,"column":0},"end":{"line":39,"column":5}},"2":{"start":{"line":14,"column":4},"end":{"line":17,"column":5}},"3":{"start":{"line":15,"column":8},"end":{"line":15,"column":26}},"4":{"start":{"line":16,"column":8},"end":{"line":16,"column":27}},"5":{"start":{"line":20,"column":4},"end":{"line":22,"column":6}},"6":{"start":{"line":21,"column":8},"end":{"line":21,"column":18}},"7":{"start":{"line":23,"column":4},"end":{"line":25,"column":6}},"8":{"start":{"line":24,"column":8},"end":{"line":24,"column":17}},"9":{"start":{"line":26,"column":4},"end":{"line":28,"column":6}},"10":{"start":{"line":27,"column":8},"end":{"line":27,"column":20}},"11":{"start":{"line":29,"column":4},"end":{"line":31,"column":6}},"12":{"start":{"line":30,"column":8},"end":{"line":30,"column":20}},"13":{"start":{"line":32,"column":4},"end":{"line":34,"column":6}},"14":{"start":{"line":33,"column":8},"end":{"line":33,"column":20}},"15":{"start":{"line":35,"column":4},"end":{"line":37,"column":6}},"16":{"start":{"line":36,"column":8},"end":{"line":36,"column":20}},"17":{"start":{"line":38,"column":4},"end":{"line":38,"column":22}},"18":{"start":{"line":41,"column":0},"end":{"line":41,"column":35}},"19":{"start":{"line":42,"column":0},"end":{"line":42,"column":28}}},"branchMap":{}},"C:\\Projects\\CurryChallenge\\TSWarLightBot\\TSWarLightBotEmpty\\Lines.js":{"path":"C:\\Projects\\CurryChallenge\\TSWarLightBot\\TSWarLightBotEmpty\\Lines.js","s":{"1":1,"2":1,"3":1,"4":1,"5":1,"6":1,"7":17,"8":1,"9":0,"10":1,"11":8,"12":8,"13":8,"14":8,"15":1,"16":16,"17":6,"18":10,"19":1,"20":1},"b":{"1":[6,10]},"f":{"1":1,"2":17,"3":0,"4":8,"5":16},"fnMap":{"1":{"name":"(anonymous_1)","line":19,"loc":{"start":{"line":19,"column":13},"end":{"line":19,"column":25}}},"2":{"name":"Lines","line":20,"loc":{"start":{"line":20,"column":4},"end":{"line":20,"column":38}}},"3":{"name":"(anonymous_3)","line":34,"loc":{"start":{"line":34,"column":32},"end":{"line":34,"column":48}}},"4":{"name":"(anonymous_4)","line":51,"loc":{"start":{"line":51,"column":37},"end":{"line":51,"column":53}}},"5":{"name":"(anonymous_5)","line":64,"loc":{"start":{"line":64,"column":30},"end":{"line":64,"column":57}}}},"statementMap":{"1":{"start":{"line":11,"column":0},"end":{"line":11,"column":13}},"2":{"start":{"line":12,"column":0},"end":{"line":12,"column":48}},"3":{"start":{"line":13,"column":0},"end":{"line":13,"column":46}},"4":{"start":{"line":14,"column":0},"end":{"line":14,"column":60}},"5":{"start":{"line":19,"column":0},"end":{"line":72,"column":5}},"6":{"start":{"line":20,"column":4},"end":{"line":22,"column":5}},"7":{"start":{"line":21,"column":8},"end":{"line":21,"column":51}},"8":{"start":{"line":34,"column":4},"end":{"line":36,"column":6}},"9":{"start":{"line":35,"column":8},"end":{"line":35,"column":20}},"10":{"start":{"line":51,"column":4},"end":{"line":62,"column":6}},"11":{"start":{"line":52,"column":8},"end":{"line":52,"column":65}},"12":{"start":{"line":53,"column":8},"end":{"line":53,"column":67}},"13":{"start":{"line":54,"column":8},"end":{"line":54,"column":65}},"14":{"start":{"line":56,"column":8},"end":{"line":61,"column":10}},"15":{"start":{"line":64,"column":4},"end":{"line":70,"column":6}},"16":{"start":{"line":65,"column":8},"end":{"line":67,"column":9}},"17":{"start":{"line":66,"column":12},"end":{"line":66,"column":29}},"18":{"start":{"line":69,"column":8},"end":{"line":69,"column":34}},"19":{"start":{"line":71,"column":4},"end":{"line":71,"column":17}},"20":{"start":{"line":74,"column":0},"end":{"line":74,"column":23}}},"branchMap":{"1":{"line":65,"type":"if","locations":[{"start":{"line":65,"column":8},"end":{"line":65,"column":8}},{"start":{"line":65,"column":8},"end":{"line":65,"column":8}}]}}},"C:\\Projects\\CurryChallenge\\TSWarLightBot\\TSWarLightBotEmpty\\command\\GoCommand.js":{"path":"C:\\Projects\\CurryChallenge\\TSWarLightBot\\TSWarLightBotEmpty\\command\\GoCommand.js","s":{"1":1,"2":1,"3":1,"4":0,"5":0,"6":0,"7":1,"8":0,"9":1,"10":0,"11":1,"12":0,"13":1,"14":0,"15":1,"16":1},"b":{},"f":{"1":1,"2":0,"3":0,"4":0,"5":0,"6":0},"fnMap":{"1":{"name":"(anonymous_1)","line":16,"loc":{"start":{"line":16,"column":10},"end":{"line":16,"column":22}}},"2":{"name":"Go","line":23,"loc":{"start":{"line":23,"column":4},"end":{"line":23,"column":34}}},"3":{"name":"(anonymous_3)","line":45,"loc":{"start":{"line":45,"column":29},"end":{"line":45,"column":52}}},"4":{"name":"(anonymous_4)","line":65,"loc":{"start":{"line":65,"column":32},"end":{"line":65,"column":55}}},"5":{"name":"(anonymous_5)","line":85,"loc":{"start":{"line":85,"column":34},"end":{"line":85,"column":57}}},"6":{"name":"(anonymous_6)","line":113,"loc":{"start":{"line":113,"column":46},"end":{"line":113,"column":91}}}},"statementMap":{"1":{"start":{"line":11,"column":0},"end":{"line":11,"column":13}},"2":{"start":{"line":16,"column":0},"end":{"line":117,"column":5}},"3":{"start":{"line":23,"column":4},"end":{"line":27,"column":5}},"4":{"start":{"line":24,"column":8},"end":{"line":24,"column":33}},"5":{"start":{"line":25,"column":8},"end":{"line":25,"column":29}},"6":{"start":{"line":26,"column":8},"end":{"line":26,"column":35}},"7":{"start":{"line":45,"column":4},"end":{"line":47,"column":6}},"8":{"start":{"line":46,"column":8},"end":{"line":46,"column":20}},"9":{"start":{"line":65,"column":4},"end":{"line":67,"column":6}},"10":{"start":{"line":66,"column":8},"end":{"line":66,"column":20}},"11":{"start":{"line":85,"column":4},"end":{"line":87,"column":6}},"12":{"start":{"line":86,"column":8},"end":{"line":86,"column":20}},"13":{"start":{"line":113,"column":4},"end":{"line":115,"column":6}},"14":{"start":{"line":114,"column":8},"end":{"line":114,"column":20}},"15":{"start":{"line":116,"column":4},"end":{"line":116,"column":14}},"16":{"start":{"line":118,"column":0},"end":{"line":118,"column":20}}},"branchMap":{}},"C:\\Projects\\CurryChallenge\\TSWarLightBot\\TSWarLightBotEmpty\\command\\OpponentMovesCommand.js":{"path":"C:\\Projects\\CurryChallenge\\TSWarLightBot\\TSWarLightBotEmpty\\command\\OpponentMovesCommand.js","s":{"1":1,"2":1,"3":1,"4":1,"5":0,"6":1,"7":1},"b":{},"f":{"1":1,"2":1,"3":0},"fnMap":{"1":{"name":"(anonymous_1)","line":15,"loc":{"start":{"line":15,"column":28},"end":{"line":15,"column":40}}},"2":{"name":"OpponentMovesCommand","line":16,"loc":{"start":{"line":16,"column":4},"end":{"line":16,"column":36}}},"3":{"name":"(anonymous_3)","line":38,"loc":{"start":{"line":38,"column":47},"end":{"line":38,"column":70}}}},"statementMap":{"1":{"start":{"line":11,"column":0},"end":{"line":11,"column":13}},"2":{"start":{"line":15,"column":0},"end":{"line":42,"column":5}},"3":{"start":{"line":16,"column":4},"end":{"line":17,"column":5}},"4":{"start":{"line":38,"column":4},"end":{"line":40,"column":6}},"5":{"start":{"line":39,"column":8},"end":{"line":39,"column":20}},"6":{"start":{"line":41,"column":4},"end":{"line":41,"column":32}},"7":{"start":{"line":43,"column":0},"end":{"line":43,"column":38}}},"branchMap":{}},"C:\\Projects\\CurryChallenge\\TSWarLightBot\\TSWarLightBotEmpty\\command\\PickStartingRegionsCommand.js":{"path":"C:\\Projects\\CurryChallenge\\TSWarLightBot\\TSWarLightBotEmpty\\command\\PickStartingRegionsCommand.js","s":{"1":1,"2":1,"3":1,"4":1,"5":0,"6":1,"7":1},"b":{},"f":{"1":1,"2":0,"3":0},"fnMap":{"1":{"name":"(anonymous_1)","line":16,"loc":{"start":{"line":16,"column":34},"end":{"line":16,"column":46}}},"2":{"name":"PickStartingRegionsCommand","line":17,"loc":{"start":{"line":17,"column":4},"end":{"line":17,"column":42}}},"3":{"name":"(anonymous_3)","line":36,"loc":{"start":{"line":36,"column":53},"end":{"line":36,"column":76}}}},"statementMap":{"1":{"start":{"line":11,"column":0},"end":{"line":11,"column":13}},"2":{"start":{"line":16,"column":0},"end":{"line":40,"column":5}},"3":{"start":{"line":17,"column":4},"end":{"line":18,"column":5}},"4":{"start":{"line":36,"column":4},"end":{"line":38,"column":6}},"5":{"start":{"line":37,"column":8},"end":{"line":37,"column":20}},"6":{"start":{"line":39,"column":4},"end":{"line":39,"column":38}},"7":{"start":{"line":41,"column":0},"end":{"line":41,"column":44}}},"branchMap":{}},"C:\\Projects\\CurryChallenge\\TSWarLightBot\\TSWarLightBotEmpty\\command\\SettingsCommand.js":{"path":"C:\\Projects\\CurryChallenge\\TSWarLightBot\\TSWarLightBotEmpty\\command\\SettingsCommand.js","s":{"1":1,"2":1,"3":1,"4":4,"5":4,"6":4,"7":1,"8":0,"9":1,"10":0,"11":1,"12":0,"13":1,"14":1},"b":{},"f":{"1":1,"2":4,"3":0,"4":0,"5":0},"fnMap":{"1":{"name":"(anonymous_1)","line":16,"loc":{"start":{"line":16,"column":23},"end":{"line":16,"column":35}}},"2":{"name":"SettingsCommand","line":21,"loc":{"start":{"line":21,"column":4},"end":{"line":21,"column":39}}},"3":{"name":"(anonymous_3)","line":43,"loc":{"start":{"line":43,"column":42},"end":{"line":43,"column":65}}},"4":{"name":"(anonymous_4)","line":46,"loc":{"start":{"line":46,"column":41},"end":{"line":46,"column":64}}},"5":{"name":"(anonymous_5)","line":49,"loc":{"start":{"line":49,"column":45},"end":{"line":49,"column":68}}}},"statementMap":{"1":{"start":{"line":11,"column":0},"end":{"line":11,"column":13}},"2":{"start":{"line":16,"column":0},"end":{"line":53,"column":5}},"3":{"start":{"line":21,"column":4},"end":{"line":25,"column":5}},"4":{"start":{"line":22,"column":8},"end":{"line":22,"column":33}},"5":{"start":{"line":23,"column":8},"end":{"line":23,"column":35}},"6":{"start":{"line":24,"column":8},"end":{"line":24,"column":20}},"7":{"start":{"line":43,"column":4},"end":{"line":45,"column":6}},"8":{"start":{"line":44,"column":8},"end":{"line":44,"column":20}},"9":{"start":{"line":46,"column":4},"end":{"line":48,"column":6}},"10":{"start":{"line":47,"column":8},"end":{"line":47,"column":20}},"11":{"start":{"line":49,"column":4},"end":{"line":51,"column":6}},"12":{"start":{"line":50,"column":8},"end":{"line":50,"column":20}},"13":{"start":{"line":52,"column":4},"end":{"line":52,"column":27}},"14":{"start":{"line":54,"column":0},"end":{"line":54,"column":33}}},"branchMap":{}},"C:\\Projects\\CurryChallenge\\TSWarLightBot\\TSWarLightBotEmpty\\command\\SetupMapCommand.js":{"path":"C:\\Projects\\CurryChallenge\\TSWarLightBot\\TSWarLightBotEmpty\\command\\SetupMapCommand.js","s":{"1":1,"2":1,"3":1,"4":1,"5":0,"6":0,"7":0,"8":0,"9":0,"10":0,"11":0,"12":0,"13":0,"14":1,"15":0,"16":1,"17":0,"18":1,"19":0,"20":1,"21":0,"22":1,"23":1},"b":{},"f":{"1":1,"2":0,"3":0,"4":0,"5":0,"6":0,"7":0,"8":0,"9":0},"fnMap":{"1":{"name":"(anonymous_1)","line":17,"loc":{"start":{"line":17,"column":23},"end":{"line":17,"column":35}}},"2":{"name":"SetupMapCommand","line":22,"loc":{"start":{"line":22,"column":4},"end":{"line":22,"column":37}}},"3":{"name":"(anonymous_3)","line":26,"loc":{"start":{"line":26,"column":55},"end":{"line":26,"column":78}}},"4":{"name":"(anonymous_4)","line":29,"loc":{"start":{"line":29,"column":49},"end":{"line":29,"column":72}}},"5":{"name":"(anonymous_5)","line":32,"loc":{"start":{"line":32,"column":51},"end":{"line":32,"column":74}}},"6":{"name":"(anonymous_6)","line":53,"loc":{"start":{"line":53,"column":42},"end":{"line":53,"column":65}}},"7":{"name":"(anonymous_7)","line":56,"loc":{"start":{"line":56,"column":46},"end":{"line":56,"column":69}}},"8":{"name":"(anonymous_8)","line":59,"loc":{"start":{"line":59,"column":40},"end":{"line":59,"column":63}}},"9":{"name":"(anonymous_9)","line":62,"loc":{"start":{"line":62,"column":42},"end":{"line":62,"column":65}}}},"statementMap":{"1":{"start":{"line":11,"column":0},"end":{"line":11,"column":13}},"2":{"start":{"line":12,"column":0},"end":{"line":12,"column":47}},"3":{"start":{"line":17,"column":0},"end":{"line":66,"column":5}},"4":{"start":{"line":22,"column":4},"end":{"line":35,"column":5}},"5":{"start":{"line":23,"column":8},"end":{"line":23,"column":25}},"6":{"start":{"line":24,"column":8},"end":{"line":24,"column":29}},"7":{"start":{"line":25,"column":8},"end":{"line":25,"column":35}},"8":{"start":{"line":26,"column":8},"end":{"line":28,"column":10}},"9":{"start":{"line":27,"column":12},"end":{"line":27,"column":52}},"10":{"start":{"line":29,"column":8},"end":{"line":31,"column":10}},"11":{"start":{"line":30,"column":12},"end":{"line":30,"column":46}},"12":{"start":{"line":32,"column":8},"end":{"line":34,"column":10}},"13":{"start":{"line":33,"column":12},"end":{"line":33,"column":48}},"14":{"start":{"line":53,"column":4},"end":{"line":55,"column":6}},"15":{"start":{"line":54,"column":8},"end":{"line":54,"column":20}},"16":{"start":{"line":56,"column":4},"end":{"line":58,"column":6}},"17":{"start":{"line":57,"column":8},"end":{"line":57,"column":20}},"18":{"start":{"line":59,"column":4},"end":{"line":61,"column":6}},"19":{"start":{"line":60,"column":8},"end":{"line":60,"column":20}},"20":{"start":{"line":62,"column":4},"end":{"line":64,"column":6}},"21":{"start":{"line":63,"column":8},"end":{"line":63,"column":20}},"22":{"start":{"line":65,"column":4},"end":{"line":65,"column":27}},"23":{"start":{"line":67,"column":0},"end":{"line":67,"column":33}}},"branchMap":{}},"C:\\Projects\\CurryChallenge\\TSWarLightBot\\TSWarLightBotEmpty\\command\\UpdateMapCommand.js":{"path":"C:\\Projects\\CurryChallenge\\TSWarLightBot\\TSWarLightBotEmpty\\command\\UpdateMapCommand.js","s":{"1":1,"2":1,"3":1,"4":0,"5":0,"6":1,"7":0,"8":1,"9":1},"b":{},"f":{"1":1,"2":0,"3":0},"fnMap":{"1":{"name":"(anonymous_1)","line":16,"loc":{"start":{"line":16,"column":24},"end":{"line":16,"column":36}}},"2":{"name":"UpdateMapCommand","line":17,"loc":{"start":{"line":17,"column":4},"end":{"line":17,"column":48}}},"3":{"name":"(anonymous_3)","line":38,"loc":{"start":{"line":38,"column":43},"end":{"line":38,"column":66}}}},"statementMap":{"1":{"start":{"line":11,"column":0},"end":{"line":11,"column":13}},"2":{"start":{"line":16,"column":0},"end":{"line":42,"column":5}},"3":{"start":{"line":17,"column":4},"end":{"line":20,"column":5}},"4":{"start":{"line":18,"column":8},"end":{"line":18,"column":33}},"5":{"start":{"line":19,"column":8},"end":{"line":19,"column":29}},"6":{"start":{"line":38,"column":4},"end":{"line":40,"column":6}},"7":{"start":{"line":39,"column":8},"end":{"line":39,"column":20}},"8":{"start":{"line":41,"column":4},"end":{"line":41,"column":28}},"9":{"start":{"line":43,"column":0},"end":{"line":43,"column":34}}},"branchMap":{}},"C:\\Projects\\CurryChallenge\\TSWarLightBot\\TSWarLightBotEmpty\\map\\enum\\PossibleOwnersEnum.js":{"path":"C:\\Projects\\CurryChallenge\\TSWarLightBot\\TSWarLightBotEmpty\\map\\enum\\PossibleOwnersEnum.js","s":{"1":1,"2":1,"3":1,"4":1,"5":1,"6":1,"7":1},"b":{"1":[1,1]},"f":{"1":1},"fnMap":{"1":{"name":"(anonymous_1)","line":13,"loc":{"start":{"line":13,"column":1},"end":{"line":13,"column":31}}}},"statementMap":{"1":{"start":{"line":11,"column":0},"end":{"line":11,"column":13}},"2":{"start":{"line":12,"column":0},"end":{"line":12,"column":23}},"3":{"start":{"line":13,"column":0},"end":{"line":17,"column":52}},"4":{"start":{"line":14,"column":4},"end":{"line":14,"column":70}},"5":{"start":{"line":15,"column":4},"end":{"line":15,"column":72}},"6":{"start":{"line":16,"column":4},"end":{"line":16,"column":68}},"7":{"start":{"line":18,"column":0},"end":{"line":18,"column":36}}},"branchMap":{"1":{"line":17,"type":"binary-expr","locations":[{"start":{"line":17,"column":3},"end":{"line":17,"column":21}},{"start":{"line":17,"column":26},"end":{"line":17,"column":49}}]}}},"C:\\Projects\\CurryChallenge\\TSWarLightBot\\TSWarLightBotEmpty\\map\\SuperRegion.js":{"path":"C:\\Projects\\CurryChallenge\\TSWarLightBot\\TSWarLightBotEmpty\\map\\SuperRegion.js","s":{"1":1,"2":1,"3":1,"4":1,"5":1,"6":1,"7":1,"8":1},"b":{},"f":{"1":1,"2":1},"fnMap":{"1":{"name":"(anonymous_1)","line":12,"loc":{"start":{"line":12,"column":19},"end":{"line":12,"column":31}}},"2":{"name":"SuperRegion","line":19,"loc":{"start":{"line":19,"column":4},"end":{"line":19,"column":36}}}},"statementMap":{"1":{"start":{"line":11,"column":0},"end":{"line":11,"column":13}},"2":{"start":{"line":12,"column":0},"end":{"line":25,"column":5}},"3":{"start":{"line":19,"column":4},"end":{"line":23,"column":5}},"4":{"start":{"line":20,"column":8},"end":{"line":20,"column":21}},"5":{"start":{"line":21,"column":8},"end":{"line":21,"column":27}},"6":{"start":{"line":22,"column":8},"end":{"line":22,"column":26}},"7":{"start":{"line":24,"column":4},"end":{"line":24,"column":23}},"8":{"start":{"line":26,"column":0},"end":{"line":26,"column":29}}},"branchMap":{}},"C:\\Projects\\CurryChallenge\\TSWarLightBot\\TSWarLightBotEmpty\\map\\Region.js":{"path":"C:\\Projects\\CurryChallenge\\TSWarLightBot\\TSWarLightBotEmpty\\map\\Region.js","s":{"1":1,"2":1,"3":1,"4":1,"5":4,"6":4,"7":4,"8":4,"9":4,"10":4,"11":4,"12":1,"13":1},"b":{},"f":{"1":1,"2":4},"fnMap":{"1":{"name":"(anonymous_1)","line":13,"loc":{"start":{"line":13,"column":14},"end":{"line":13,"column":26}}},"2":{"name":"Region","line":20,"loc":{"start":{"line":20,"column":4},"end":{"line":20,"column":37}}}},"statementMap":{"1":{"start":{"line":11,"column":0},"end":{"line":11,"column":13}},"2":{"start":{"line":12,"column":0},"end":{"line":12,"column":62}},"3":{"start":{"line":13,"column":0},"end":{"line":30,"column":5}},"4":{"start":{"line":20,"column":4},"end":{"line":28,"column":5}},"5":{"start":{"line":21,"column":8},"end":{"line":21,"column":21}},"6":{"start":{"line":22,"column":8},"end":{"line":22,"column":39}},"7":{"start":{"line":23,"column":8},"end":{"line":23,"column":37}},"8":{"start":{"line":24,"column":8},"end":{"line":24,"column":28}},"9":{"start":{"line":25,"column":8},"end":{"line":25,"column":28}},"10":{"start":{"line":26,"column":8},"end":{"line":26,"column":38}},"11":{"start":{"line":27,"column":8},"end":{"line":27,"column":43}},"12":{"start":{"line":29,"column":4},"end":{"line":29,"column":18}},"13":{"start":{"line":31,"column":0},"end":{"line":31,"column":24}}},"branchMap":{}},"C:\\Projects\\CurryChallenge\\TSWarLightBot\\TSWarLightBotEmpty\\map\\WarMap.js":{"path":"C:\\Projects\\CurryChallenge\\TSWarLightBot\\TSWarLightBotEmpty\\map\\WarMap.js","s":{"1":1,"2":1,"3":1,"4":1,"5":1,"6":1,"7":0,"8":0,"9":0,"10":1,"11":0,"12":0,"13":0,"14":1,"15":4,"16":4,"17":1,"18":0,"19":0,"20":1,"21":1,"22":1,"23":4,"24":4,"25":2,"26":1,"27":1,"28":1},"b":{"1":[0,0],"2":[0,0],"3":[4,0],"4":[0,0],"5":[2,2]},"f":{"1":1,"2":1,"3":0,"4":0,"5":4,"6":0,"7":1},"fnMap":{"1":{"name":"(anonymous_1)","line":12,"loc":{"start":{"line":12,"column":14},"end":{"line":12,"column":26}}},"2":{"name":"WarMap","line":17,"loc":{"start":{"line":17,"column":4},"end":{"line":17,"column":22}}},"3":{"name":"(anonymous_3)","line":26,"loc":{"start":{"line":26,"column":37},"end":{"line":26,"column":51}}},"4":{"name":"(anonymous_4)","line":37,"loc":{"start":{"line":37,"column":42},"end":{"line":37,"column":56}}},"5":{"name":"(anonymous_5)","line":47,"loc":{"start":{"line":47,"column":33},"end":{"line":47,"column":51}}},"6":{"name":"(anonymous_6)","line":56,"loc":{"start":{"line":56,"column":38},"end":{"line":56,"column":56}}},"7":{"name":"(anonymous_7)","line":66,"loc":{"start":{"line":66,"column":39},"end":{"line":66,"column":56}}}},"statementMap":{"1":{"start":{"line":11,"column":0},"end":{"line":11,"column":13}},"2":{"start":{"line":12,"column":0},"end":{"line":77,"column":5}},"3":{"start":{"line":17,"column":4},"end":{"line":20,"column":5}},"4":{"start":{"line":18,"column":8},"end":{"line":18,"column":26}},"5":{"start":{"line":19,"column":8},"end":{"line":19,"column":31}},"6":{"start":{"line":26,"column":4},"end":{"line":31,"column":6}},"7":{"start":{"line":27,"column":8},"end":{"line":29,"column":9}},"8":{"start":{"line":28,"column":12},"end":{"line":28,"column":36}},"9":{"start":{"line":30,"column":8},"end":{"line":30,"column":20}},"10":{"start":{"line":37,"column":4},"end":{"line":42,"column":6}},"11":{"start":{"line":38,"column":8},"end":{"line":40,"column":9}},"12":{"start":{"line":39,"column":12},"end":{"line":39,"column":41}},"13":{"start":{"line":41,"column":8},"end":{"line":41,"column":20}},"14":{"start":{"line":47,"column":4},"end":{"line":51,"column":6}},"15":{"start":{"line":48,"column":8},"end":{"line":50,"column":9}},"16":{"start":{"line":49,"column":12},"end":{"line":49,"column":45}},"17":{"start":{"line":56,"column":4},"end":{"line":60,"column":6}},"18":{"start":{"line":57,"column":8},"end":{"line":59,"column":9}},"19":{"start":{"line":58,"column":12},"end":{"line":58,"column":50}},"20":{"start":{"line":66,"column":4},"end":{"line":75,"column":6}},"21":{"start":{"line":67,"column":8},"end":{"line":67,"column":30}},"22":{"start":{"line":68,"column":8},"end":{"line":73,"column":9}},"23":{"start":{"line":69,"column":12},"end":{"line":69,"column":41}},"24":{"start":{"line":70,"column":12},"end":{"line":72,"column":13}},"25":{"start":{"line":71,"column":16},"end":{"line":71,"column":42}},"26":{"start":{"line":74,"column":8},"end":{"line":74,"column":28}},"27":{"start":{"line":76,"column":4},"end":{"line":76,"column":18}},"28":{"start":{"line":78,"column":0},"end":{"line":78,"column":24}}},"branchMap":{"1":{"line":27,"type":"if","locations":[{"start":{"line":27,"column":8},"end":{"line":27,"column":8}},{"start":{"line":27,"column":8},"end":{"line":27,"column":8}}]},"2":{"line":38,"type":"if","locations":[{"start":{"line":38,"column":8},"end":{"line":38,"column":8}},{"start":{"line":38,"column":8},"end":{"line":38,"column":8}}]},"3":{"line":48,"type":"if","locations":[{"start":{"line":48,"column":8},"end":{"line":48,"column":8}},{"start":{"line":48,"column":8},"end":{"line":48,"column":8}}]},"4":{"line":57,"type":"if","locations":[{"start":{"line":57,"column":8},"end":{"line":57,"column":8}},{"start":{"line":57,"column":8},"end":{"line":57,"column":8}}]},"5":{"line":70,"type":"if","locations":[{"start":{"line":70,"column":12},"end":{"line":70,"column":12}},{"start":{"line":70,"column":12},"end":{"line":70,"column":12}}]}}}}