TN:
SF:C:\Projects\CurryChallenge\TSWarLightBot\TSWarLightBotEmpty\enum\CommandEnum.js
FN:16,(anonymous_1)
FNF:1
FNH:1
FNDA:1,(anonymous_1)
DA:11,1
DA:15,1
DA:16,1
DA:21,1
DA:27,1
DA:33,1
DA:38,1
DA:42,1
DA:48,1
DA:50,1
LF:10
LH:10
BRDA:49,1,0,1
BRDA:49,1,1,1
BRF:2
BRH:2
end_of_record
TN:
SF:C:\Projects\CurryChallenge\TSWarLightBot\TSWarLightBotEmpty\enum\OptionEnum.js
FN:16,(anonymous_1)
FNF:1
FNH:1
FNDA:1,(anonymous_1)
DA:11,1
DA:15,1
DA:16,1
DA:20,1
DA:24,1
DA:28,1
DA:32,1
DA:36,1
DA:40,1
DA:44,1
DA:48,1
DA:50,1
LF:12
LH:12
BRDA:49,1,0,1
BRDA:49,1,1,1
BRF:2
BRH:2
end_of_record
TN:
SF:C:\Projects\CurryChallenge\TSWarLightBot\TSWarLightBotEmpty\Bot.js
FN:15,(anonymous_1)
FN:24,Bot
FN:32,(anonymous_3)
FN:34,(anonymous_4)
FN:37,(anonymous_5)
FN:46,(anonymous_6)
FN:63,(anonymous_7)
FNF:7
FNH:7
FNDA:1,(anonymous_1)
FNDA:8,Bot
FNDA:2,(anonymous_3)
FNDA:1,(anonymous_4)
FNDA:1,(anonymous_5)
FNDA:5,(anonymous_6)
FNDA:1,(anonymous_7)
DA:11,1
DA:15,1
DA:24,1
DA:25,8
DA:26,8
DA:27,8
DA:32,1
DA:33,2
DA:34,2
DA:35,1
DA:37,2
DA:38,1
DA:46,1
DA:47,5
DA:48,1
DA:50,4
DA:51,4
DA:52,3
DA:53,1
DA:57,1
DA:63,1
DA:64,1
DA:66,1
DA:68,1
LF:24
LH:24
BRDA:47,1,0,1
BRDA:47,1,1,4
BRDA:51,2,0,3
BRDA:51,2,1,1
BRDA:52,3,0,1
BRDA:52,3,1,2
BRF:6
BRH:6
end_of_record
TN:
SF:C:\Projects\CurryChallenge\TSWarLightBot\TSWarLightBotEmpty\Consts.js
FN:15,(anonymous_1)
FN:16,Consts
FN:19,(anonymous_3)
FN:26,(anonymous_4)
FN:33,(anonymous_5)
FN:40,(anonymous_6)
FN:47,(anonymous_7)
FN:54,(anonymous_8)
FN:61,(anonymous_9)
FN:68,(anonymous_10)
FNF:10
FNH:1
FNDA:1,(anonymous_1)
FNDA:0,Consts
FNDA:0,(anonymous_3)
FNDA:0,(anonymous_4)
FNDA:0,(anonymous_5)
FNDA:0,(anonymous_6)
FNDA:0,(anonymous_7)
FNDA:0,(anonymous_8)
FNDA:0,(anonymous_9)
FNDA:0,(anonymous_10)
DA:11,1
DA:15,1
DA:16,1
DA:18,1
DA:20,0
DA:25,1
DA:27,0
DA:32,1
DA:34,0
DA:39,1
DA:41,0
DA:46,1
DA:48,0
DA:53,1
DA:55,0
DA:60,1
DA:62,0
DA:67,1
DA:69,0
DA:74,1
DA:76,1
LF:21
LH:13
BRF:0
BRH:0
end_of_record
TN:
SF:C:\Projects\CurryChallenge\TSWarLightBot\TSWarLightBotEmpty\command\helper\ShuffleArray.js
FN:11,(anonymous_1)
FN:13,__
FN:21,(anonymous_3)
FN:23,ShuffleArray
FN:27,(anonymous_5)
FN:32,(anonymous_6)
FNF:6
FNH:5
FNDA:1,(anonymous_1)
FNDA:1,__
FNDA:1,(anonymous_3)
FNDA:13,ShuffleArray
FNDA:20,(anonymous_5)
FNDA:0,(anonymous_6)
DA:11,1
DA:12,1
DA:13,1
DA:14,1
DA:15,1
DA:19,1
DA:21,1
DA:22,1
DA:23,1
DA:24,13
DA:25,13
DA:26,13
DA:27,13
DA:28,20
DA:32,1
DA:33,0
DA:34,0
DA:35,0
DA:36,0
DA:38,0
DA:39,0
DA:41,0
DA:42,0
DA:43,0
DA:45,0
DA:47,1
DA:49,1
LF:27
LH:17
BRDA:11,1,0,1
BRDA:11,1,1,1
BRDA:12,2,0,0
BRDA:12,2,1,0
BRDA:26,3,0,13
BRDA:26,3,1,0
BRF:6
BRH:3
end_of_record
TN:
SF:C:\Projects\CurryChallenge\TSWarLightBot\TSWarLightBotEmpty\command\helper\DummyArray.js
FN:13,(anonymous_1)
FN:14,DummyArray
FN:20,(anonymous_3)
FN:23,(anonymous_4)
FN:26,(anonymous_5)
FN:29,(anonymous_6)
FN:32,(anonymous_7)
FN:35,(anonymous_8)
FNF:8
FNH:2
FNDA:1,(anonymous_1)
FNDA:13,DummyArray
FNDA:0,(anonymous_3)
FNDA:0,(anonymous_4)
FNDA:0,(anonymous_5)
FNDA:0,(anonymous_6)
FNDA:0,(anonymous_7)
FNDA:0,(anonymous_8)
DA:13,1
DA:14,1
DA:15,13
DA:16,13
DA:20,1
DA:21,0
DA:23,1
DA:24,0
DA:26,1
DA:27,0
DA:29,1
DA:30,0
DA:32,1
DA:33,0
DA:35,1
DA:36,0
DA:38,1
DA:41,1
DA:42,1
LF:19
LH:13
BRF:0
BRH:0
end_of_record
TN:
SF:C:\Projects\CurryChallenge\TSWarLightBot\TSWarLightBotEmpty\Lines.js
FN:19,(anonymous_1)
FN:20,Lines
FN:34,(anonymous_3)
FN:51,(anonymous_4)
FN:64,(anonymous_5)
FNF:5
FNH:4
FNDA:1,(anonymous_1)
FNDA:17,Lines
FNDA:0,(anonymous_3)
FNDA:8,(anonymous_4)
FNDA:16,(anonymous_5)
DA:11,1
DA:12,1
DA:13,1
DA:14,1
DA:19,1
DA:20,1
DA:21,17
DA:34,1
DA:35,0
DA:51,1
DA:52,8
DA:53,8
DA:54,8
DA:56,8
DA:64,1
DA:65,16
DA:66,6
DA:69,10
DA:71,1
DA:74,1
LF:20
LH:19
BRDA:65,1,0,6
BRDA:65,1,1,10
BRF:2
BRH:2
end_of_record
TN:
SF:C:\Projects\CurryChallenge\TSWarLightBot\TSWarLightBotEmpty\command\GoCommand.js
FN:16,(anonymous_1)
FN:23,Go
FN:45,(anonymous_3)
FN:65,(anonymous_4)
FN:85,(anonymous_5)
FN:113,(anonymous_6)
FNF:6
FNH:1
FNDA:1,(anonymous_1)
FNDA:0,Go
FNDA:0,(anonymous_3)
FNDA:0,(anonymous_4)
FNDA:0,(anonymous_5)
FNDA:0,(anonymous_6)
DA:11,1
DA:16,1
DA:23,1
DA:24,0
DA:25,0
DA:26,0
DA:45,1
DA:46,0
DA:65,1
DA:66,0
DA:85,1
DA:86,0
DA:113,1
DA:114,0
DA:116,1
DA:118,1
LF:16
LH:9
BRF:0
BRH:0
end_of_record
TN:
SF:C:\Projects\CurryChallenge\TSWarLightBot\TSWarLightBotEmpty\command\OpponentMovesCommand.js
FN:15,(anonymous_1)
FN:16,OpponentMovesCommand
FN:38,(anonymous_3)
FNF:3
FNH:2
FNDA:1,(anonymous_1)
FNDA:1,OpponentMovesCommand
FNDA:0,(anonymous_3)
DA:11,1
DA:15,1
DA:16,1
DA:38,1
DA:39,0
DA:41,1
DA:43,1
LF:7
LH:6
BRF:0
BRH:0
end_of_record
TN:
SF:C:\Projects\CurryChallenge\TSWarLightBot\TSWarLightBotEmpty\command\PickStartingRegionsCommand.js
FN:16,(anonymous_1)
FN:17,PickStartingRegionsCommand
FN:36,(anonymous_3)
FNF:3
FNH:1
FNDA:1,(anonymous_1)
FNDA:0,PickStartingRegionsCommand
FNDA:0,(anonymous_3)
DA:11,1
DA:16,1
DA:17,1
DA:36,1
DA:37,0
DA:39,1
DA:41,1
LF:7
LH:6
BRF:0
BRH:0
end_of_record
TN:
SF:C:\Projects\CurryChallenge\TSWarLightBot\TSWarLightBotEmpty\command\SettingsCommand.js
FN:16,(anonymous_1)
FN:21,SettingsCommand
FN:43,(anonymous_3)
FN:46,(anonymous_4)
FN:49,(anonymous_5)
FNF:5
FNH:2
FNDA:1,(anonymous_1)
FNDA:4,SettingsCommand
FNDA:0,(anonymous_3)
FNDA:0,(anonymous_4)
FNDA:0,(anonymous_5)
DA:11,1
DA:16,1
DA:21,1
DA:22,4
DA:23,4
DA:24,4
DA:43,1
DA:44,0
DA:46,1
DA:47,0
DA:49,1
DA:50,0
DA:52,1
DA:54,1
LF:14
LH:11
BRF:0
BRH:0
end_of_record
TN:
SF:C:\Projects\CurryChallenge\TSWarLightBot\TSWarLightBotEmpty\command\SetupMapCommand.js
FN:17,(anonymous_1)
FN:22,SetupMapCommand
FN:26,(anonymous_3)
FN:29,(anonymous_4)
FN:32,(anonymous_5)
FN:53,(anonymous_6)
FN:56,(anonymous_7)
FN:59,(anonymous_8)
FN:62,(anonymous_9)
FNF:9
FNH:1
FNDA:1,(anonymous_1)
FNDA:0,SetupMapCommand
FNDA:0,(anonymous_3)
FNDA:0,(anonymous_4)
FNDA:0,(anonymous_5)
FNDA:0,(anonymous_6)
FNDA:0,(anonymous_7)
FNDA:0,(anonymous_8)
FNDA:0,(anonymous_9)
DA:11,1
DA:12,1
DA:17,1
DA:22,1
DA:23,0
DA:24,0
DA:25,0
DA:26,0
DA:27,0
DA:29,0
DA:30,0
DA:32,0
DA:33,0
DA:53,1
DA:54,0
DA:56,1
DA:57,0
DA:59,1
DA:60,0
DA:62,1
DA:63,0
DA:65,1
DA:67,1
LF:23
LH:10
BRF:0
BRH:0
end_of_record
TN:
SF:C:\Projects\CurryChallenge\TSWarLightBot\TSWarLightBotEmpty\command\UpdateMapCommand.js
FN:16,(anonymous_1)
FN:17,UpdateMapCommand
FN:38,(anonymous_3)
FNF:3
FNH:1
FNDA:1,(anonymous_1)
FNDA:0,UpdateMapCommand
FNDA:0,(anonymous_3)
DA:11,1
DA:16,1
DA:17,1
DA:18,0
DA:19,0
DA:38,1
DA:39,0
DA:41,1
DA:43,1
LF:9
LH:6
BRF:0
BRH:0
end_of_record
TN:
SF:C:\Projects\CurryChallenge\TSWarLightBot\TSWarLightBotEmpty\map\enum\PossibleOwnersEnum.js
FN:13,(anonymous_1)
FNF:1
FNH:1
FNDA:1,(anonymous_1)
DA:11,1
DA:12,1
DA:13,1
DA:14,1
DA:15,1
DA:16,1
DA:18,1
LF:7
LH:7
BRDA:17,1,0,1
BRDA:17,1,1,1
BRF:2
BRH:2
end_of_record
TN:
SF:C:\Projects\CurryChallenge\TSWarLightBot\TSWarLightBotEmpty\map\SuperRegion.js
FN:12,(anonymous_1)
FN:19,SuperRegion
FNF:2
FNH:2
FNDA:1,(anonymous_1)
FNDA:1,SuperRegion
DA:11,1
DA:12,1
DA:19,1
DA:20,1
DA:21,1
DA:22,1
DA:24,1
DA:26,1
LF:8
LH:8
BRF:0
BRH:0
end_of_record
TN:
SF:C:\Projects\CurryChallenge\TSWarLightBot\TSWarLightBotEmpty\map\Region.js
FN:13,(anonymous_1)
FN:20,Region
FNF:2
FNH:2
FNDA:1,(anonymous_1)
FNDA:4,Region
DA:11,1
DA:12,1
DA:13,1
DA:20,1
DA:21,4
DA:22,4
DA:23,4
DA:24,4
DA:25,4
DA:26,4
DA:27,4
DA:29,1
DA:31,1
LF:13
LH:13
BRF:0
BRH:0
end_of_record
TN:
SF:C:\Projects\CurryChallenge\TSWarLightBot\TSWarLightBotEmpty\map\WarMap.js
FN:12,(anonymous_1)
FN:17,WarMap
FN:26,(anonymous_3)
FN:37,(anonymous_4)
FN:47,(anonymous_5)
FN:56,(anonymous_6)
FN:66,(anonymous_7)
FNF:7
FNH:4
FNDA:1,(anonymous_1)
FNDA:1,WarMap
FNDA:0,(anonymous_3)
FNDA:0,(anonymous_4)
FNDA:4,(anonymous_5)
FNDA:0,(anonymous_6)
FNDA:1,(anonymous_7)
DA:11,1
DA:12,1
DA:17,1
DA:18,1
DA:19,1
DA:26,1
DA:27,0
DA:28,0
DA:30,0
DA:37,1
DA:38,0
DA:39,0
DA:41,0
DA:47,1
DA:48,4
DA:49,4
DA:56,1
DA:57,0
DA:58,0
DA:66,1
DA:67,1
DA:68,1
DA:69,4
DA:70,4
DA:71,2
DA:74,1
DA:76,1
DA:78,1
LF:28
LH:20
BRDA:27,1,0,0
BRDA:27,1,1,0
BRDA:38,2,0,0
BRDA:38,2,1,0
BRDA:48,3,0,4
BRDA:48,3,1,0
BRDA:57,4,0,0
BRDA:57,4,1,0
BRDA:70,5,0,2
BRDA:70,5,1,2
BRF:10
BRH:3
end_of_record
